<?xml version="1.0" encoding="UTF-8"?>
<!-- Generated by org.testng.reporters.JUnitReportReporter -->
<testsuite skipped="0" hostname="f45c899d4237" name="seleniumBasics.SeleniumCommands" tests="2" failures="0" timestamp="04 Sep 2019 02:37:21 GMT" time="37.159" errors="0">
  <testcase name="seleniumBasicCommands" time="17.242" classname="seleniumBasics.SeleniumCommands"/>
  <testcase name="loginUseCase" time="19.917" classname="seleniumBasics.SeleniumCommands"/>
</testsuite> <!-- seleniumBasics.SeleniumCommands -->
